<?xml version="1.0" encoding="UTF-8"?>
<!-- Generated by org.testng.reporters.JUnitReportReporter -->
<testsuite hostname="LAPTOP-BB9R4924" failures="0" tests="2" name="seleniumpac.Lab009" time="17.607" errors="0" timestamp="2025-08-19T14:40:14 IST" skipped="0">
  <testcase classname="seleniumpac.Lab009" name="test1" time="11.444"/>
  <testcase classname="seleniumpac.Lab009" name="test1" time="6.163"/>
</testsuite> <!-- seleniumpac.Lab009 -->
