<?xml version="1.0" encoding="UTF-8"?>
<!-- Generated by org.testng.reporters.JUnitReportReporter -->
<testsuite hostname="LAPTOP-BB9R4924" failures="0" tests="3" name="seleniumpac.TC0013" time="49.121" errors="0" timestamp="2025-08-19T10:54:00 IST" skipped="0">
  <testcase classname="seleniumpac.TC0013" name="test3" time="4.759"/>
  <testcase classname="seleniumpac.TC0013" name="test1" time="1.720"/>
  <testcase classname="seleniumpac.TC0013" name="test2" time="42.642"/>
</testsuite> <!-- seleniumpac.TC0013 -->
