<?xml version="1.0" encoding="UTF-8"?>
<!-- Generated by org.testng.reporters.JUnitReportReporter -->
<testsuite hostname="LAPTOP-BB9R4924" failures="0" tests="1" name="Questions.Q7" time="5.805" errors="0" timestamp="2025-08-26T12:16:22 IST" skipped="0">
  <testcase classname="Questions.Q7" name="f" time="5.805"/>
</testsuite> <!-- Questions.Q7 -->
