<?xml version="1.0" encoding="UTF-8"?>
<!-- Generated by org.testng.reporters.JUnitReportReporter -->
<testsuite hostname="LAPTOP-BB9R4924" failures="0" tests="1" name="Questions.Q6" time="6.533" errors="0" timestamp="2025-08-26T12:14:28 IST" skipped="0">
  <testcase classname="Questions.Q6" name="f" time="6.533"/>
</testsuite> <!-- Questions.Q6 -->
