<?xml version="1.0" encoding="UTF-8"?>
<!-- Generated by org.testng.reporters.JUnitReportReporter -->
<testsuite hostname="LAPTOP-BB9R4924" failures="0" tests="1" name="Questions.Q1" time="4.785" errors="0" timestamp="2025-08-26T10:50:48 IST" skipped="0">
  <testcase classname="Questions.Q1" name="f" time="4.785"/>
</testsuite> <!-- Questions.Q1 -->
