<?xml version="1.0" encoding="UTF-8"?>
<!-- Generated by org.testng.reporters.JUnitReportReporter -->
<testsuite hostname="LAPTOP-BB9R4924" failures="0" tests="1" name="Questions.Q9" time="3.108" errors="0" timestamp="2025-08-26T12:19:46 IST" skipped="0">
  <testcase classname="Questions.Q9" name="f" time="3.108"/>
</testsuite> <!-- Questions.Q9 -->
