<?xml version="1.0" encoding="UTF-8"?>
<!-- Generated by org.testng.reporters.JUnitReportReporter -->
<testsuite hostname="LAPTOP-BB9R4924" failures="0" tests="1" name="Questions.Q4" time="2.745" errors="0" timestamp="2025-08-26T16:20:27 IST" skipped="0">
  <testcase classname="Questions.Q4" name="f" time="2.745"/>
</testsuite> <!-- Questions.Q4 -->
