<?xml version="1.0" encoding="UTF-8"?>
<!-- Generated by org.testng.reporters.JUnitReportReporter -->
<testsuite hostname="LAPTOP-BB9R4924" failures="0" tests="3" name="seleniumpac.TC0014" time="48.900" errors="0" timestamp="2025-08-19T14:38:29 IST" skipped="0">
  <testcase classname="seleniumpac.TC0014" name="test2" time="31.093"/>
  <testcase classname="seleniumpac.TC0014" name="test2" time="9.166"/>
  <testcase classname="seleniumpac.TC0014" name="test2" time="8.641"/>
</testsuite> <!-- seleniumpac.TC0014 -->
