<?xml version="1.0" encoding="UTF-8"?>
<!-- Generated by org.testng.reporters.JUnitReportReporter -->
<testsuite hostname="LAPTOP-BB9R4924" failures="0" tests="3" name="seleniumpac.Lab0015testng" time="26.883" errors="0" timestamp="2025-08-23T17:04:06 IST" skipped="0">
  <testcase classname="seleniumpac.Lab0015testng" name="f" time="9.388"/>
  <testcase classname="seleniumpac.Lab0015testng" name="f" time="8.915"/>
  <testcase classname="seleniumpac.Lab0015testng" name="f" time="8.580"/>
</testsuite> <!-- seleniumpac.Lab0015testng -->
