<?xml version="1.0" encoding="UTF-8"?>
<!-- Generated by org.testng.reporters.JUnitReportReporter -->
<testsuite hostname="LAPTOP-BB9R4924" failures="0" tests="3" name="seleniumpac.T12" time="28.590" errors="0" timestamp="2025-08-20T14:58:38 IST" skipped="0">
  <testcase classname="seleniumpac.T12" name="f" time="11.158"/>
  <testcase classname="seleniumpac.T12" name="f" time="9.727"/>
  <testcase classname="seleniumpac.T12" name="f" time="7.705"/>
</testsuite> <!-- seleniumpac.T12 -->
