<?xml version="1.0" encoding="UTF-8"?>
<!-- Generated by org.testng.reporters.JUnitReportReporter -->
<testsuite hostname="LAPTOP-BB9R4924" failures="0" tests="3" name="seleniumpac.TCreports" time="77.224" errors="0" timestamp="2025-08-20T16:25:26 IST" skipped="0">
  <testcase classname="seleniumpac.TCreports" name="f" time="24.679"/>
  <testcase classname="seleniumpac.TCreports" name="f" time="36.632"/>
  <testcase classname="seleniumpac.TCreports" name="f" time="15.913"/>
</testsuite> <!-- seleniumpac.TCreports -->
