<?xml version="1.0" encoding="UTF-8"?>
<!-- Generated by org.testng.reporters.JUnitReportReporter -->
<testsuite hostname="LAPTOP-BB9R4924" failures="0" tests="1" name="Questions.Q2" time="5.201" errors="0" timestamp="2025-08-26T11:06:19 IST" skipped="0">
  <testcase classname="Questions.Q2" name="f" time="5.201"/>
</testsuite> <!-- Questions.Q2 -->
