<?xml version="1.0" encoding="UTF-8"?>
<!-- Generated by org.testng.reporters.JUnitReportReporter -->
<testsuite hostname="LAPTOP-BB9R4924" failures="0" tests="3" name="seleniumpac.TC0012_testNGPagefactory" time="40.955" errors="0" timestamp="2025-08-23T16:26:39 IST" skipped="0">
  <testcase classname="seleniumpac.TC0012_testNGPagefactory" name="f" time="11.633"/>
  <testcase classname="seleniumpac.TC0012_testNGPagefactory" name="f" time="14.612"/>
  <testcase classname="seleniumpac.TC0012_testNGPagefactory" name="f" time="14.710"/>
</testsuite> <!-- seleniumpac.TC0012_testNGPagefactory -->
