<?xml version="1.0" encoding="UTF-8"?>
<!-- Generated by org.testng.reporters.JUnitReportReporter -->
<testsuite hostname="LAPTOP-BB9R4924" failures="0" tests="1" name="seleniumpac.jenkinstest" time="4.939" errors="0" timestamp="2025-08-26T16:05:03 IST" skipped="0">
  <testcase classname="seleniumpac.jenkinstest" name="f" time="4.939"/>
</testsuite> <!-- seleniumpac.jenkinstest -->
