<?xml version="1.0" encoding="UTF-8"?>
<!-- Generated by org.testng.reporters.JUnitReportReporter -->
<testsuite hostname="LAPTOP-BB9R4924" failures="0" tests="1" name="seleniumpac.Lab008_testng" time="4.356" errors="0" timestamp="2025-08-23T16:21:24 IST" skipped="0">
  <testcase classname="seleniumpac.Lab008_testng" name="f" time="4.356"/>
</testsuite> <!-- seleniumpac.Lab008_testng -->
