<?xml version="1.0" encoding="UTF-8"?>
<!-- Generated by org.testng.reporters.JUnitReportReporter -->
<testsuite hostname="LAPTOP-BB9R4924" failures="0" tests="2" name="seleniumpac.Lab16_xml" time="18.191" errors="0" timestamp="2025-08-23T17:08:09 IST" skipped="0">
  <testcase classname="seleniumpac.Lab16_xml" name="f" time="12.260"/>
  <testcase classname="seleniumpac.Lab16_xml" name="f" time="5.931"/>
</testsuite> <!-- seleniumpac.Lab16_xml -->
