<?xml version="1.0" encoding="UTF-8"?>
<!-- Generated by org.testng.reporters.JUnitReportReporter -->
<testsuite hostname="LAPTOP-BB9R4924" failures="0" tests="1" name="seleniumpac.Lab004_testng" time="12.198" errors="0" timestamp="2025-08-19T11:53:20 IST" skipped="0">
  <testcase classname="seleniumpac.Lab004_testng" name="f" time="12.198"/>
</testsuite> <!-- seleniumpac.Lab004_testng -->
