<?xml version="1.0" encoding="UTF-8"?>
<!-- Generated by org.testng.reporters.JUnitReportReporter -->
<testsuite hostname="LAPTOP-BB9R4924" failures="0" tests="1" name="seleniumpac.Assertions" time="4.176" errors="0" timestamp="2025-08-19T11:56:37 IST" skipped="0">
  <testcase classname="seleniumpac.Assertions" name="f" time="4.176"/>
</testsuite> <!-- seleniumpac.Assertions -->
