<?xml version="1.0" encoding="UTF-8"?>
<!-- Generated by org.testng.reporters.JUnitReportReporter -->
<testsuite hostname="LAPTOP-BB9R4924" failures="0" tests="1" name="package1.Q5" time="8.920" errors="0" timestamp="2025-08-26T12:11:44 IST" skipped="0">
  <testcase classname="package1.Q5" name="f" time="8.920"/>
</testsuite> <!-- package1.Q5 -->
