<?xml version="1.0" encoding="UTF-8"?>
<!-- Generated by org.testng.reporters.JUnitReportReporter -->
<testsuite hostname="LAPTOP-BB9R4924" failures="0" tests="1" name="Questions.Q8" time="10.262" errors="0" timestamp="2025-08-26T12:18:01 IST" skipped="0">
  <testcase classname="Questions.Q8" name="f" time="10.262"/>
</testsuite> <!-- Questions.Q8 -->
