<?xml version="1.0" encoding="UTF-8"?>
<!-- Generated by org.testng.reporters.JUnitReportReporter -->
<testsuite hostname="LAPTOP-BB9R4924" failures="0" tests="1" name="seleniumpac.Lab008_4assertions" time="17.205" errors="0" timestamp="2025-08-20T09:39:10 IST" skipped="0">
  <testcase classname="seleniumpac.Lab008_4assertions" name="f" time="17.205"/>
</testsuite> <!-- seleniumpac.Lab008_4assertions -->
